  audience.cpp
  basic_class.cpp
  class_list.cpp
e:\khpi\lab 2\lab01\lab07\class_list.cpp(16): warning C4267: 'argument': conversion from 'size_t' to 'int', possible loss of data
e:\khpi\lab 2\lab01\lab07\class_list.cpp(129): warning C4267: 'argument': conversion from 'size_t' to 'int', possible loss of data
e:\khpi\lab 2\lab01\lab07\class_list.cpp(365): warning C4566: character represented by universal-character-name '\u00C0' cannot be represented in the current code page (1251)
e:\khpi\lab 2\lab01\lab07\class_list.cpp(365): warning C4566: character represented by universal-character-name '\u00DF' cannot be represented in the current code page (1251)
e:\khpi\lab 2\lab01\lab07\class_list.cpp(365): warning C4566: character represented by universal-character-name '\u00E0' cannot be represented in the current code page (1251)
e:\khpi\lab 2\lab01\lab07\class_list.cpp(365): warning C4566: character represented by universal-character-name '\u00FF' cannot be represented in the current code page (1251)
  course.cpp
  main.cpp
  menu.cpp
  surnames.cpp
  Generating Code...
e:\khpi\lab 2\lab01\lab07\class_list.cpp(182): warning C4715: 'Arr::select': not all control paths return a value
  surname_list.cpp
e:\khpi\lab 2\lab01\lab07\surname_list.cpp(16): warning C4267: 'argument': conversion from 'size_t' to 'int', possible loss of data
e:\khpi\lab 2\lab01\lab07\surname_list.cpp(134): warning C4267: 'argument': conversion from 'size_t' to 'int', possible loss of data
e:\khpi\lab 2\lab01\lab07\surname_list.cpp(385): warning C4566: character represented by universal-character-name '\u00C0' cannot be represented in the current code page (1251)
e:\khpi\lab 2\lab01\lab07\surname_list.cpp(385): warning C4566: character represented by universal-character-name '\u00DF' cannot be represented in the current code page (1251)
e:\khpi\lab 2\lab01\lab07\surname_list.cpp(385): warning C4566: character represented by universal-character-name '\u00E0' cannot be represented in the current code page (1251)
e:\khpi\lab 2\lab01\lab07\surname_list.cpp(385): warning C4566: character represented by universal-character-name '\u00FF' cannot be represented in the current code page (1251)
e:\khpi\lab 2\lab01\lab07\surname_list.cpp(194): warning C4715: 'Arr_Sur::select': not all control paths return a value
  lab07.vcxproj -> E:\KhPI\lab 2\lab01\x64\Debug\lab07.exe
